== Reading input half-reconstructions: 
  + half1-map:                     ./Refine3D/job039/run_half1_class001_unfil.mrc
  + half2-map:                     ./Refine3D/job039/run_half2_class001_unfil.mrc
== Using a user-provided mask ... 
  + input mask:                    ./MaskCreate/job054/mask.mrc
== Masking input maps ...
  + randomize phases beyond:       23.6806 Angstroms
== Dividing map by the MTF of the detector ...
  + mtf STAR-file:                 MTF-FII-300kV.star
== Applying sqrt(2*FSC/(FSC+1)) weighting (as in Rosenthal & Henderson, 2003) ...
== Fitting straight line through Guinier plot to find B-factor ...
  + fit from resolution:           10
  + fit until resolution:          0
  + slope of fit:                  -189.232
  + intercept of fit:              -11.6208
  + correlation of fit:            0.858772
  + apply b-factor of:             -756.928
== Low-pass filtering final map ... 
  + filter frequency:              9.06915
== Writing out put files ...
  + Processed map:                 PostProcess/job059/postprocess.mrc
  + Processed masked map:          PostProcess/job059/postprocess_masked.mrc
  + Metadata file:                 PostProcess/job059/postprocess.star
  + FINAL RESOLUTION:              9.06915
